0 info it worked if it ends with ok
1 verbose cli [ 'node', '/usr/local/bin/npm', 'install', '-g', 'ios-sim' ]
2 info using npm@2.1.17
3 info using node@v0.10.35
4 verbose node symlink /usr/local/bin/node
5 silly cache add args [ 'ios-sim', null ]
6 verbose cache add spec ios-sim
7 silly cache add parsed spec { raw: 'ios-sim',
7 silly cache add   scope: null,
7 silly cache add   name: 'ios-sim',
7 silly cache add   rawSpec: '',
7 silly cache add   spec: '*',
7 silly cache add   type: 'range' }
8 verbose addNamed ios-sim@*
9 silly addNamed semver.valid null
10 silly addNamed semver.validRange *
11 silly addNameRange { name: 'ios-sim', range: '*', hasData: false }
12 silly mapToRegistry name ios-sim
13 silly mapToRegistry using default registry
14 silly mapToRegistry registry https://registry.npmjs.org/
15 silly mapToRegistry uri https://registry.npmjs.org/ios-sim
16 verbose addNameRange registry:https://registry.npmjs.org/ios-sim not in flight; fetching
17 verbose request uri https://registry.npmjs.org/ios-sim
18 verbose request no auth needed
19 info attempt registry request try #1 at 16:20:07
20 verbose request id 6c515be4ace36c76
21 http request GET https://registry.npmjs.org/ios-sim
22 http 200 https://registry.npmjs.org/ios-sim
23 silly get cb [ 200,
23 silly get   { date: 'Mon, 13 Apr 2015 22:20:07 GMT',
23 silly get     server: 'CouchDB/1.5.0 (Erlang OTP/R16B03)',
23 silly get     etag: '"LZQ64UFJSCLICI2NUYOLIGEP"',
23 silly get     'content-type': 'application/json',
23 silly get     'cache-control': 'max-age=60',
23 silly get     'content-length': '16374',
23 silly get     'accept-ranges': 'bytes',
23 silly get     via: '1.1 varnish',
23 silly get     age: '0',
23 silly get     'x-served-by': 'cache-ord1734-ORD',
23 silly get     'x-cache': 'HIT',
23 silly get     'x-cache-hits': '1',
23 silly get     'x-timer': 'S1428963607.842109,VS0,VE38',
23 silly get     vary: 'Accept',
23 silly get     'keep-alive': 'timeout=10, max=50',
23 silly get     connection: 'Keep-Alive' } ]
24 silly addNameRange number 2 { name: 'ios-sim', range: '*', hasData: true }
25 silly addNameRange versions [ 'ios-sim',
25 silly addNameRange   [ '1.8.0',
25 silly addNameRange     '1.8.1',
25 silly addNameRange     '1.8.2',
25 silly addNameRange     '1.9.0',
25 silly addNameRange     '2.0.0',
25 silly addNameRange     '2.0.1',
25 silly addNameRange     '3.0.0',
25 silly addNameRange     '3.1.0',
25 silly addNameRange     '3.1.1',
25 silly addNameRange     '4.0.0',
25 silly addNameRange     '4.0.1' ] ]
26 verbose addNamed ios-sim@3.1.1
27 silly addNamed semver.valid 3.1.1
28 silly addNamed semver.validRange 3.1.1
29 silly mapToRegistry name ios-sim
30 silly mapToRegistry using default registry
31 silly mapToRegistry registry https://registry.npmjs.org/
32 silly mapToRegistry uri https://registry.npmjs.org/ios-sim
33 verbose addRemoteTarball https://registry.npmjs.org/ios-sim/-/ios-sim-3.1.1.tgz not in flight; adding
34 verbose addRemoteTarball [ 'https://registry.npmjs.org/ios-sim/-/ios-sim-3.1.1.tgz',
34 verbose addRemoteTarball   '1129c3fda31b917ef656b8c53fd276392b51c6e8' ]
35 info retry fetch attempt 1 at 16:20:07
36 info attempt registry request try #1 at 16:20:07
37 http fetch GET https://registry.npmjs.org/ios-sim/-/ios-sim-3.1.1.tgz
38 http fetch 200 https://registry.npmjs.org/ios-sim/-/ios-sim-3.1.1.tgz
39 silly fetchAndShaCheck shasum 1129c3fda31b917ef656b8c53fd276392b51c6e8
40 verbose addTmpTarball /var/folders/ww/9snvwfss6fn6cy8ksjhtv2sr0000gn/T/npm-75491-696516ac/registry.npmjs.org/ios-sim/-/ios-sim-3.1.1.tgz not in flight; adding
41 verbose addTmpTarball already have metadata; skipping unpack for ios-sim@3.1.1
42 silly cache afterAdd ios-sim@3.1.1
43 verbose afterAdd /Users/bethjaswa/.npm/ios-sim/3.1.1/package/package.json not in flight; writing
44 verbose afterAdd /Users/bethjaswa/.npm/ios-sim/3.1.1/package/package.json written
45 silly install resolved [ { name: 'ios-sim',
45 silly install resolved     version: '3.1.1',
45 silly install resolved     description: 'launch iOS apps into the iOS Simulator from the command line (Xcode 6.0)',
45 silly install resolved     main: 'ios-sim',
45 silly install resolved     scripts: { preinstall: 'rake build' },
45 silly install resolved     bin: { 'ios-sim': 'build/Release/ios-sim' },
45 silly install resolved     repository: { type: 'git', url: 'https://github.com/phonegap/ios-sim' },
45 silly install resolved     keywords: [ 'ios-sim', 'iOS Simulator' ],
45 silly install resolved     author: { name: 'Landon Fuller, Jeff Haynie, Eloy Duran, Shazron Abdullah' },
45 silly install resolved     license: 'MIT',
45 silly install resolved     gitHead: 'c6ec64397e5fa462f1ea2d4e4fdc123a856618f9',
45 silly install resolved     bugs: { url: 'https://github.com/phonegap/ios-sim/issues' },
45 silly install resolved     homepage: 'https://github.com/phonegap/ios-sim',
45 silly install resolved     _id: 'ios-sim@3.1.1',
45 silly install resolved     _shasum: '1129c3fda31b917ef656b8c53fd276392b51c6e8',
45 silly install resolved     _from: 'ios-sim@*',
45 silly install resolved     _npmVersion: '1.4.14',
45 silly install resolved     _npmUser: { name: 'shazron', email: 'shazron@gmail.com' },
45 silly install resolved     maintainers: [ [Object] ],
45 silly install resolved     dist:
45 silly install resolved      { shasum: '1129c3fda31b917ef656b8c53fd276392b51c6e8',
45 silly install resolved        tarball: 'http://registry.npmjs.org/ios-sim/-/ios-sim-3.1.1.tgz' },
45 silly install resolved     directories: {},
45 silly install resolved     _resolved: 'https://registry.npmjs.org/ios-sim/-/ios-sim-3.1.1.tgz' } ]
46 info install ios-sim@3.1.1 into /usr/local/lib
47 info installOne ios-sim@3.1.1
48 verbose installOne of ios-sim to /usr/local/lib not in flight; installing
49 verbose lock using /Users/bethjaswa/.npm/_locks/ios-sim-3bb56db538048d2f.lock for /usr/local/lib/node_modules/ios-sim
50 silly install write writing ios-sim 3.1.1 to /usr/local/lib/node_modules/ios-sim
51 silly cache addNamed cb ios-sim@3.1.1
52 verbose unbuild lib/node_modules/ios-sim
53 verbose gentlyRm vacuuming /usr/local/lib/node_modules/ios-sim
54 verbose tar unpack /Users/bethjaswa/.npm/ios-sim/3.1.1/package.tgz
55 verbose tar unpacking to /usr/local/lib/node_modules/ios-sim
56 verbose gentlyRm vacuuming /usr/local/lib/node_modules/ios-sim
57 silly gunzTarPerm modes [ '755', '644' ]
58 silly gunzTarPerm extractEntry package.json
59 silly gunzTarPerm extractEntry .npmignore
60 silly gunzTarPerm extractEntry README.md
61 silly gunzTarPerm extractEntry LICENSE
62 silly gunzTarPerm extractEntry resources/buildbox/build.sh
63 silly gunzTarPerm extractEntry CoreSimulator/CoreSimulator.h
64 silly gunzTarPerm extractEntry CONTRIBUTING.md
65 silly gunzTarPerm extractEntry Rakefile
66 silly gunzTarPerm extractEntry Source/.npmignore
67 silly gunzTarPerm extractEntry Source/NSString+expandPath.h
68 silly gunzTarPerm extractEntry Source/NSString+expandPath.m
69 silly gunzTarPerm extractEntry Source/iPhoneSimulator.h
70 silly gunzTarPerm extractEntry Source/iPhoneSimulator.m
71 silly gunzTarPerm extractEntry Source/main.m
72 silly gunzTarPerm extractEntry Source/nsprintf.h
73 silly gunzTarPerm extractEntry Source/nsprintf.m
74 silly gunzTarPerm extractEntry Source/version.h
75 silly gunzTarPerm extractEntry ios-sim.xcodeproj/.npmignore
76 silly gunzTarPerm extractEntry ios-sim.xcodeproj/project.pbxproj
77 silly gunzTarPerm extractEntry ios-sim.xcodeproj/xcshareddata/xcschemes/ios-sim.xcscheme
78 silly gunzTarPerm extractEntry ios-sim_Prefix.pch
79 silly gunzTarPerm extractEntry DVTiPhoneSimulatorRemoteClient/DVTiPhoneSimulatorRemoteClient.h
80 silly gunzTarPerm extractEntry README.template.md
81 info preinstall ios-sim@3.1.1
82 verbose unsafe-perm in lifecycle true
83 info ios-sim@3.1.1 Failed to exec preinstall script
84 verbose unlock done using /Users/bethjaswa/.npm/_locks/ios-sim-3bb56db538048d2f.lock for /usr/local/lib/node_modules/ios-sim
85 verbose stack Error: ios-sim@3.1.1 preinstall: `rake build`
85 verbose stack Exit status 1
85 verbose stack     at EventEmitter.<anonymous> (/usr/local/lib/node_modules/npm/lib/utils/lifecycle.js:212:16)
85 verbose stack     at EventEmitter.emit (events.js:98:17)
85 verbose stack     at ChildProcess.<anonymous> (/usr/local/lib/node_modules/npm/lib/utils/spawn.js:14:12)
85 verbose stack     at ChildProcess.emit (events.js:98:17)
85 verbose stack     at maybeClose (child_process.js:766:16)
85 verbose stack     at Process.ChildProcess._handle.onexit (child_process.js:833:5)
86 verbose pkgid ios-sim@3.1.1
87 verbose cwd /Users/bethjaswa/workspace/tic-tack-toe
88 error Darwin 13.4.0
89 error argv "node" "/usr/local/bin/npm" "install" "-g" "ios-sim"
90 error node v0.10.35
91 error npm  v2.1.17
92 error code ELIFECYCLE
93 error ios-sim@3.1.1 preinstall: `rake build`
93 error Exit status 1
94 error Failed at the ios-sim@3.1.1 preinstall script 'rake build'.
94 error This is most likely a problem with the ios-sim package,
94 error not with npm itself.
94 error Tell the author that this fails on your system:
94 error     rake build
94 error You can get their info via:
94 error     npm owner ls ios-sim
94 error There is likely additional logging output above.
95 verbose exit [ 1, true ]
96 verbose unbuild lib/node_modules/ios-sim
97 info preuninstall ios-sim@3.1.1
98 info uninstall ios-sim@3.1.1
99 verbose unbuild rmStuff ios-sim@3.1.1 from /usr/local/lib/node_modules
100 verbose gentlyRm verifying that /usr/local is managed by npm
101 silly isManaged /usr/local is not inside /usr/local/lib/node_modules
102 silly isManaged /usr/local is not inside /usr/local/lib/node_modules
103 silly isManaged /usr/local/bin is inside /usr/local
104 silly gentlyRm /usr/local is managed by npm
105 silly gentlyRm /usr/local/bin/ios-sim is under /usr/local
106 verbose gentlyRm vacuuming /usr/local/bin/ios-sim up to /usr/local
107 info postuninstall ios-sim@3.1.1
108 verbose gentlyRm vacuuming /usr/local/lib/node_modules/ios-sim
109 silly gentlyRm purging /usr/local/lib/node_modules/ios-sim
110 silly gentlyRm quitting because other entries in /usr/local/lib/node_modules
